<?xml version="1.0" encoding="utf-8"?><testsuites name="pytest tests"><testsuite name="pytest" errors="0" failures="0" skipped="0" tests="27" time="7.180" timestamp="2026-08-26T16:24:31.464307+00:00" hostname="agent-env-61b325bc-f24b-467c-bdeb-fca3872e41d0"><testcase classname="tests.test_backend" name="test_health" time="0.361" /><testcase classname="tests.test_backend" name="test_list_categories_defaults" time="0.116" /><testcase classname="tests.test_backend" name="test_create_category_and_duplicate" time="0.166" /><testcase classname="tests.test_backend" name="test_rename_category_propagates" time="0.258" /><testcase classname="tests.test_backend" name="test_delete_category" time="0.251" /><testcase classname="tests.test_backend" name="test_create_project" time="0.078" /><testcase classname="tests.test_backend" name="test_get_project" time="0.095" /><testcase classname="tests.test_backend" name="test_rename_project" time="0.108" /><testcase classname="tests.test_backend" name="test_list_projects_aggregates" time="0.083" /><testcase classname="tests.test_backend" name="test_create_work_order_invalid_project" time="0.093" /><testcase classname="tests.test_backend" name="test_create_work_order" time="0.081" /><testcase classname="tests.test_backend" name="test_list_work_orders_by_project" time="0.093" /><testcase classname="tests.test_backend" name="test_rename_work_order" time="0.093" /><testcase classname="tests.test_backend" name="test_create_expense_with_hierarchy" time="0.078" /><testcase classname="tests.test_backend" name="test_list_expenses_filters" time="0.384" /><testcase classname="tests.test_backend" name="test_update_expense" time="0.174" /><testcase classname="tests.test_backend" name="test_scan_receipt" time="2.905" /><testcase classname="tests.test_backend" name="test_get_uploaded_file" time="0.303" /><testcase classname="tests.test_backend" name="test_reports_summary[week]" time="0.117" /><testcase classname="tests.test_backend" name="test_reports_summary[month]" time="0.070" /><testcase classname="tests.test_backend" name="test_reports_summary[quarter]" time="0.076" /><testcase classname="tests.test_backend" name="test_reports_summary[year]" time="0.077" /><testcase classname="tests.test_backend" name="test_reports_export_csv_indonesian" time="0.079" /><testcase classname="tests.test_backend" name="test_project_pdf_export" time="0.086" /><testcase classname="tests.test_backend" name="test_delete_work_order_detaches" time="0.151" /><testcase classname="tests.test_backend" name="test_delete_project_cascades" time="0.252" /><testcase classname="tests.test_backend" name="test_final_cleanup_expense" time="0.161" /></testsuite></testsuites>